<?xml version="1.0" encoding="UTF-8"?>
<testsuites name="ftxytxytxt" time="19.692" tests="1" failures="0" errors="0">
   <testsuite name="ftxytxytxt" tests="1" failures="0" errors="0" time="19.692" skipped="0" timestamp="18-12-2023T22:22:37" hostname="nisha - DESKTOP-0OUTVH0" id="Test Suites/ftxytxytxt">
      <properties>
         <property name="deviceName" value=""/>
         <property name="devicePlatform" value=""/>
         <property name="logFolder" value="C:\\Users\\nisha\\git\\TakealotKatalonAutomation\\Reports\\20231218_222232\\ftxytxytxt\\20231218_222232"/>
         <property name="logFiles" value="C:\\Users\\nisha\\git\\TakealotKatalonAutomation\\Reports\\20231218_222232\\ftxytxytxt\\20231218_222232\\execution0.log"/>
         <property name="attachments" value=""/>
         <property name="hostName" value="nisha - DESKTOP-0OUTVH0"/>
         <property name="os" value="Windows 11 64bit"/>
         <property name="katalonVersion" value="9.1.0.212"/>
         <property name="browser" value="Chrome 120.0.0.0"/>
         <property name="hostAddress" value="192.168.3.138"/>
         <property name="sessionId" value="c7fd08992270ab564efc3e6575907dc0"/>
         <property name="seleniumVersion" value="3.141.59"/>
         <property name="proxyInformation" value="ProxyInformation { proxyOption=NO_PROXY, proxyServerType=HTTP, username=, password=********, proxyServerAddress=, proxyServerPort=0, executionList=&quot;&quot;, isApplyToDesiredCapabilities=true }"/>
         <property name="platform" value="Windows 11"/>
      </properties>
      <testcase name="Test Cases/SearchProductWithCsvDataFile" time="19.438" classname="Test Cases/SearchProductWithCsvDataFile" status="PASSED">
         <system-out><![CDATA[18-12-2023T22:22:38 - [TEST_CASE][PASSED] - Test Cases/SearchProductWithCsvDataFile: Test Cases/SearchProductWithCsvDataFile

18-12-2023T22:22:38 - [TEST_STEP][PASSED] - Start listener action : sampleBeforeTestCase: Current window maximized

18-12-2023T22:22:38 - [TEST_STEP][PASSED] - openBrowser(""): Browser is opened with url: ''

18-12-2023T22:22:38 - [MESSAGE][INFO] - Starting 'Chrome' driver

18-12-2023T22:22:38 - [MESSAGE][INFO] - Action delay is set to 0 milliseconds

18-12-2023T22:22:40 - [MESSAGE][PASSED] - Browser is opened with url: ''

18-12-2023T22:22:40 - [TEST_STEP][PASSED] - navigateToUrl(WebsiteURL): Navigate to 'https://www.takealot.com' successfully

18-12-2023T22:22:45 - [MESSAGE][PASSED] - Navigate to 'https://www.takealot.com' successfully

18-12-2023T22:22:45 - [TEST_STEP][PASSED] - maximizeWindow(): Current window maximized

18-12-2023T22:22:45 - [MESSAGE][PASSED] - Current window maximized

18-12-2023T22:22:45 - [TEST_STEP][PASSED] - click(findTestObject("Object Repository/SearchValidProduct/Page_Takealot.com Online Shopping  SAs lead_9e0650/a_Login")): Object: 'Object Repository/SearchValidProduct/Page_Takealot.com Online Shopping  SAs lead_9e0650/a_Login' is clicked on

18-12-2023T22:22:46 - [MESSAGE][PASSED] - Object: 'Object Repository/SearchValidProduct/Page_Takealot.com Online Shopping  SAs lead_9e0650/a_Login' is clicked on

18-12-2023T22:22:46 - [TEST_STEP][PASSED] - setText(findTestObject("Object Repository/SearchValidProduct/Page_Takealot.com Online Shopping  SAs lead_9e0650/input_email"), "nishapathak77@gmail.com"): Text 'nishapathak77@gmail.com' is set on object 'Object Repository/SearchValidProduct/Page_Takealot.com Online Shopping  SAs lead_9e0650/input_email'

18-12-2023T22:22:49 - [MESSAGE][PASSED] - Text 'nishapathak77@gmail.com' is set on object 'Object Repository/SearchValidProduct/Page_Takealot.com Online Shopping  SAs lead_9e0650/input_email'

18-12-2023T22:22:49 - [TEST_STEP][PASSED] - setEncryptedText(findTestObject("Object Repository/SearchValidProduct/Page_Takealot.com Online Shopping  SAs lead_9e0650/input_password"), "60coEWBzUaguqMoMXWkjBQ=="): Text ****** has been set on object 'Object Repository/SearchValidProduct/Page_Takealot.com Online Shopping  SAs lead_9e0650/input_password'

18-12-2023T22:22:50 - [MESSAGE][PASSED] - Text ****** has been set on object 'Object Repository/SearchValidProduct/Page_Takealot.com Online Shopping  SAs lead_9e0650/input_password'

18-12-2023T22:22:50 - [TEST_STEP][PASSED] - click(findTestObject("Object Repository/SearchValidProduct/Page_Takealot.com Online Shopping  SAs lead_9e0650/button_Login")): Object: 'Object Repository/SearchValidProduct/Page_Takealot.com Online Shopping  SAs lead_9e0650/button_Login' is clicked on

18-12-2023T22:22:50 - [MESSAGE][PASSED] - Object: 'Object Repository/SearchValidProduct/Page_Takealot.com Online Shopping  SAs lead_9e0650/button_Login' is clicked on

18-12-2023T22:22:50 - [TEST_STEP][PASSED] - setText(findTestObject("Object Repository/SearchValidProduct/Page_Takealot.com Online Shopping  SAs lead_9e0650/input_search"), SearchKeyword): Text '' is set on object 'Object Repository/SearchValidProduct/Page_Takealot.com Online Shopping  SAs lead_9e0650/input_search'

18-12-2023T22:22:54 - [MESSAGE][PASSED] - Text '' is set on object 'Object Repository/SearchValidProduct/Page_Takealot.com Online Shopping  SAs lead_9e0650/input_search'

18-12-2023T22:22:54 - [TEST_STEP][PASSED] - sendKeys(findTestObject("Object Repository/SearchValidProduct/Page_Takealot.com Online Shopping  SAs lead_9e0650/input_search"), Keys.chord(ENTER)): Keys 'ENTER + ' sent to object: 'Object Repository/SearchValidProduct/Page_Takealot.com Online Shopping  SAs lead_9e0650/input_search'

18-12-2023T22:22:57 - [MESSAGE][PASSED] - Keys 'ENTER + ' sent to object: 'Object Repository/SearchValidProduct/Page_Takealot.com Online Shopping  SAs lead_9e0650/input_search'

18-12-2023T22:22:57 - [TEST_STEP][PASSED] - Start listener action : sampleAfterTestCase: Browser is closed

18-12-2023T22:22:57 - [TEST_STEP][PASSED] - closeBrowser(): Browser is closed

18-12-2023T22:22:57 - [MESSAGE][PASSED] - Browser is closed]]></system-out>
         <system-err><![CDATA[]]></system-err>
      </testcase>
      <system-out><![CDATA[18-12-2023T22:22:37 - [TEST_SUITE][PASSED] - ftxytxytxt: Test Cases/SearchProductWithCsvDataFile]]></system-out>
      <system-err><![CDATA[]]></system-err>
   </testsuite>
</testsuites>
