<?xml version="1.0" encoding="UTF-8"?>
<testsuites name="SearchProductCollection" time="55.136" tests="4" failures="0" errors="0">
   <testsuite name="SearchProductTestSuite" tests="2" failures="0" errors="0" time="46.236" skipped="0" timestamp="19-12-2023T09:06:06" hostname="nisha - DESKTOP-0OUTVH0" id="Test Suites/SearchProductTestSuite">
      <properties>
         <property name="deviceName" value=""/>
         <property name="devicePlatform" value=""/>
         <property name="logFolder" value="C:\\Users\\nisha\\git\\TakealotKatalonAutomation\\Reports\\20231219_090556\\SearchProductTestSuite\\20231219_090557"/>
         <property name="logFiles" value="C:\\Users\\nisha\\git\\TakealotKatalonAutomation\\Reports\\20231219_090556\\SearchProductTestSuite\\20231219_090557\\execution0.log"/>
         <property name="attachments" value=""/>
         <property name="hostName" value="nisha - DESKTOP-0OUTVH0"/>
         <property name="os" value="Windows 11 64bit"/>
         <property name="katalonVersion" value="9.1.0.212"/>
         <property name="browser" value="Chrome 120.0.0.0"/>
         <property name="hostAddress" value="192.168.3.138"/>
         <property name="sessionId" value="d30139e1c9999364cffe77738c9ec8cf"/>
         <property name="seleniumVersion" value="3.141.59"/>
         <property name="proxyInformation" value="ProxyInformation { proxyOption=NO_PROXY, proxyServerType=HTTP, username=, password=********, proxyServerAddress=, proxyServerPort=0, executionList=&quot;&quot;, isApplyToDesiredCapabilities=true }"/>
         <property name="platform" value="Windows 11"/>
      </properties>
      <testcase name="Test Cases/SearchProduct/SearchProductWithInvalidKeyword" time="24.28" classname="Test Cases/SearchProduct/SearchProductWithInvalidKeyword" status="PASSED">
         <system-out><![CDATA[19-12-2023T09:06:07 - [TEST_CASE][PASSED] - Test Cases/SearchProduct/SearchProductWithInvalidKeyword: Test Cases/SearchProduct/SearchProductWithInvalidKeyword

19-12-2023T09:06:07 - [TEST_STEP][PASSED] - Start listener action : sampleBeforeTestCase: Current window maximized

19-12-2023T09:06:07 - [TEST_STEP][PASSED] - openBrowser(""): Browser is opened with url: ''

19-12-2023T09:06:08 - [MESSAGE][INFO] - Starting 'Chrome' driver

19-12-2023T09:06:08 - [MESSAGE][INFO] - Action delay is set to 0 milliseconds

19-12-2023T09:06:10 - [MESSAGE][PASSED] - Browser is opened with url: ''

19-12-2023T09:06:10 - [TEST_STEP][PASSED] - navigateToUrl(WebsiteURL): Navigate to 'https://www.takealot.com' successfully

19-12-2023T09:06:18 - [MESSAGE][PASSED] - Navigate to 'https://www.takealot.com' successfully

19-12-2023T09:06:18 - [TEST_STEP][PASSED] - maximizeWindow(): Current window maximized

19-12-2023T09:06:18 - [MESSAGE][PASSED] - Current window maximized

19-12-2023T09:06:19 - [TEST_STEP][PASSED] - click(findTestObject("Object Repository/SearchValidProduct/Page_Takealot.com Online Shopping  SAs lead_9e0650/a_Login")): Object: 'Object Repository/SearchValidProduct/Page_Takealot.com Online Shopping  SAs lead_9e0650/a_Login' is clicked on

19-12-2023T09:06:20 - [MESSAGE][PASSED] - Object: 'Object Repository/SearchValidProduct/Page_Takealot.com Online Shopping  SAs lead_9e0650/a_Login' is clicked on

19-12-2023T09:06:20 - [TEST_STEP][PASSED] - setText(findTestObject("Object Repository/SearchValidProduct/Page_Takealot.com Online Shopping  SAs lead_9e0650/input_email"), "nishapathak77@gmail.com"): Text 'nishapathak77@gmail.com' is set on object 'Object Repository/SearchValidProduct/Page_Takealot.com Online Shopping  SAs lead_9e0650/input_email'

19-12-2023T09:06:23 - [MESSAGE][PASSED] - Text 'nishapathak77@gmail.com' is set on object 'Object Repository/SearchValidProduct/Page_Takealot.com Online Shopping  SAs lead_9e0650/input_email'

19-12-2023T09:06:23 - [TEST_STEP][PASSED] - setEncryptedText(findTestObject("Object Repository/SearchValidProduct/Page_Takealot.com Online Shopping  SAs lead_9e0650/input_password"), "60coEWBzUaguqMoMXWkjBQ=="): Text ****** has been set on object 'Object Repository/SearchValidProduct/Page_Takealot.com Online Shopping  SAs lead_9e0650/input_password'

19-12-2023T09:06:23 - [MESSAGE][PASSED] - Text ****** has been set on object 'Object Repository/SearchValidProduct/Page_Takealot.com Online Shopping  SAs lead_9e0650/input_password'

19-12-2023T09:06:23 - [TEST_STEP][PASSED] - click(findTestObject("Object Repository/SearchValidProduct/Page_Takealot.com Online Shopping  SAs lead_9e0650/button_Login")): Object: 'Object Repository/SearchValidProduct/Page_Takealot.com Online Shopping  SAs lead_9e0650/button_Login' is clicked on

19-12-2023T09:06:24 - [MESSAGE][PASSED] - Object: 'Object Repository/SearchValidProduct/Page_Takealot.com Online Shopping  SAs lead_9e0650/button_Login' is clicked on

19-12-2023T09:06:24 - [TEST_STEP][PASSED] - setText(findTestObject("Object Repository/SearchValidProduct/Page_Takealot.com Online Shopping  SAs lead_9e0650/input_search"), "ftxtr7587fo8vx74s5d6trx"): Text 'ftxtr7587fo8vx74s5d6trx' is set on object 'Object Repository/SearchValidProduct/Page_Takealot.com Online Shopping  SAs lead_9e0650/input_search'

19-12-2023T09:06:27 - [MESSAGE][PASSED] - Text 'ftxtr7587fo8vx74s5d6trx' is set on object 'Object Repository/SearchValidProduct/Page_Takealot.com Online Shopping  SAs lead_9e0650/input_search'

19-12-2023T09:06:27 - [TEST_STEP][PASSED] - sendKeys(findTestObject("Object Repository/SearchValidProduct/Page_Takealot.com Online Shopping  SAs lead_9e0650/input_search"), Keys.chord(ENTER)): Keys 'ENTER + ' sent to object: 'Object Repository/SearchValidProduct/Page_Takealot.com Online Shopping  SAs lead_9e0650/input_search'

19-12-2023T09:06:30 - [MESSAGE][PASSED] - Keys 'ENTER + ' sent to object: 'Object Repository/SearchValidProduct/Page_Takealot.com Online Shopping  SAs lead_9e0650/input_search'

19-12-2023T09:06:30 - [TEST_STEP][PASSED] - verifyElementNotPresent(findTestObject("SearchValidProduct/Page_Search - TAKEALOT/div_5000 results"), 2): Web element with id: 'Object Repository/SearchValidProduct/Page_Search - TAKEALOT/div_5000 results' located by 'By.xpath: //div[@id='shopfront-app']/div[4]/div[2]/div[2]/div/div[2]/div[2]/div' is not present after '2' second(s)

19-12-2023T09:06:31 - [MESSAGE][PASSED] - Web element with id: 'Object Repository/SearchValidProduct/Page_Search - TAKEALOT/div_5000 results' located by 'By.xpath: //div[@id='shopfront-app']/div[4]/div[2]/div[2]/div/div[2]/div[2]/div' is not present after '2' second(s)

19-12-2023T09:06:31 - [TEST_STEP][PASSED] - Start listener action : sampleAfterTestCase: Browser is closed

19-12-2023T09:06:31 - [TEST_STEP][PASSED] - closeBrowser(): Browser is closed

19-12-2023T09:06:31 - [MESSAGE][PASSED] - Browser is closed]]></system-out>
         <system-err><![CDATA[]]></system-err>
      </testcase>
      <testcase name="Test Cases/SearchProduct/SearchProductWithValidKeyword" time="21.511" classname="Test Cases/SearchProduct/SearchProductWithValidKeyword" status="PASSED">
         <system-out><![CDATA[19-12-2023T09:06:31 - [TEST_CASE][PASSED] - Test Cases/SearchProduct/SearchProductWithValidKeyword: Test Cases/SearchProduct/SearchProductWithValidKeyword

19-12-2023T09:06:31 - [TEST_STEP][PASSED] - Start listener action : sampleBeforeTestCase: Current window maximized

19-12-2023T09:06:31 - [TEST_STEP][PASSED] - openBrowser(""): Browser is opened with url: ''

19-12-2023T09:06:31 - [MESSAGE][INFO] - Starting 'Chrome' driver

19-12-2023T09:06:31 - [MESSAGE][INFO] - Action delay is set to 0 milliseconds

19-12-2023T09:06:33 - [MESSAGE][PASSED] - Browser is opened with url: ''

19-12-2023T09:06:33 - [TEST_STEP][PASSED] - navigateToUrl(WebsiteURL): Navigate to 'https://www.takealot.com' successfully

19-12-2023T09:06:39 - [MESSAGE][PASSED] - Navigate to 'https://www.takealot.com' successfully

19-12-2023T09:06:39 - [TEST_STEP][PASSED] - maximizeWindow(): Current window maximized

19-12-2023T09:06:40 - [MESSAGE][PASSED] - Current window maximized

19-12-2023T09:06:40 - [TEST_STEP][PASSED] - click(findTestObject("Object Repository/SearchValidProduct/Page_Takealot.com Online Shopping  SAs lead_9e0650/a_Login")): Object: 'Object Repository/SearchValidProduct/Page_Takealot.com Online Shopping  SAs lead_9e0650/a_Login' is clicked on

19-12-2023T09:06:41 - [MESSAGE][PASSED] - Object: 'Object Repository/SearchValidProduct/Page_Takealot.com Online Shopping  SAs lead_9e0650/a_Login' is clicked on

19-12-2023T09:06:41 - [TEST_STEP][PASSED] - setText(findTestObject("Object Repository/SearchValidProduct/Page_Takealot.com Online Shopping  SAs lead_9e0650/input_email"), "nishapathak77@gmail.com"): Text 'nishapathak77@gmail.com' is set on object 'Object Repository/SearchValidProduct/Page_Takealot.com Online Shopping  SAs lead_9e0650/input_email'

19-12-2023T09:06:43 - [MESSAGE][PASSED] - Text 'nishapathak77@gmail.com' is set on object 'Object Repository/SearchValidProduct/Page_Takealot.com Online Shopping  SAs lead_9e0650/input_email'

19-12-2023T09:06:43 - [TEST_STEP][PASSED] - setEncryptedText(findTestObject("Object Repository/SearchValidProduct/Page_Takealot.com Online Shopping  SAs lead_9e0650/input_password"), "60coEWBzUaguqMoMXWkjBQ=="): Text ****** has been set on object 'Object Repository/SearchValidProduct/Page_Takealot.com Online Shopping  SAs lead_9e0650/input_password'

19-12-2023T09:06:44 - [MESSAGE][PASSED] - Text ****** has been set on object 'Object Repository/SearchValidProduct/Page_Takealot.com Online Shopping  SAs lead_9e0650/input_password'

19-12-2023T09:06:44 - [TEST_STEP][PASSED] - click(findTestObject("Object Repository/SearchValidProduct/Page_Takealot.com Online Shopping  SAs lead_9e0650/button_Login")): Object: 'Object Repository/SearchValidProduct/Page_Takealot.com Online Shopping  SAs lead_9e0650/button_Login' is clicked on

19-12-2023T09:06:44 - [MESSAGE][PASSED] - Object: 'Object Repository/SearchValidProduct/Page_Takealot.com Online Shopping  SAs lead_9e0650/button_Login' is clicked on

19-12-2023T09:06:44 - [TEST_STEP][PASSED] - setText(findTestObject("Object Repository/SearchValidProduct/Page_Takealot.com Online Shopping  SAs lead_9e0650/input_search"), "iphone"): Text 'iphone' is set on object 'Object Repository/SearchValidProduct/Page_Takealot.com Online Shopping  SAs lead_9e0650/input_search'

19-12-2023T09:06:47 - [MESSAGE][PASSED] - Text 'iphone' is set on object 'Object Repository/SearchValidProduct/Page_Takealot.com Online Shopping  SAs lead_9e0650/input_search'

19-12-2023T09:06:47 - [TEST_STEP][PASSED] - sendKeys(findTestObject("Object Repository/SearchValidProduct/Page_Takealot.com Online Shopping  SAs lead_9e0650/input_search"), Keys.chord(ENTER)): Keys 'ENTER + ' sent to object: 'Object Repository/SearchValidProduct/Page_Takealot.com Online Shopping  SAs lead_9e0650/input_search'

19-12-2023T09:06:50 - [MESSAGE][PASSED] - Keys 'ENTER + ' sent to object: 'Object Repository/SearchValidProduct/Page_Takealot.com Online Shopping  SAs lead_9e0650/input_search'

19-12-2023T09:06:50 - [TEST_STEP][PASSED] - verifyElementPresent(findTestObject("SearchValidProduct/Page_Search - TAKEALOT/div_5000 results"), 2): Object 'Object Repository/SearchValidProduct/Page_Search - TAKEALOT/div_5000 results' is present

19-12-2023T09:06:52 - [MESSAGE][PASSED] - Object 'Object Repository/SearchValidProduct/Page_Search - TAKEALOT/div_5000 results' is present

19-12-2023T09:06:52 - [TEST_STEP][PASSED] - Start listener action : sampleAfterTestCase: Browser is closed

19-12-2023T09:06:52 - [TEST_STEP][PASSED] - closeBrowser(): Browser is closed

19-12-2023T09:06:53 - [MESSAGE][PASSED] - Browser is closed]]></system-out>
         <system-err><![CDATA[]]></system-err>
      </testcase>
      <system-out><![CDATA[19-12-2023T09:06:06 - [TEST_SUITE][PASSED] - SearchProductTestSuite: Test Cases/SearchProduct/SearchProductWithValidKeyword]]></system-out>
      <system-err><![CDATA[]]></system-err>
   </testsuite>
   <testsuite name="SearchProductTestSuite" tests="2" failures="0" errors="0" time="48.264" skipped="0" timestamp="19-12-2023T09:06:07" hostname="nisha - DESKTOP-0OUTVH0" id="Test Suites/SearchProductTestSuite">
      <properties>
         <property name="deviceName" value=""/>
         <property name="devicePlatform" value=""/>
         <property name="logFolder" value="C:\\Users\\nisha\\git\\TakealotKatalonAutomation\\Reports\\20231219_090556\\SearchProductTestSuite\\20231219_090559"/>
         <property name="logFiles" value="C:\\Users\\nisha\\git\\TakealotKatalonAutomation\\Reports\\20231219_090556\\SearchProductTestSuite\\20231219_090559\\execution0.log"/>
         <property name="attachments" value=""/>
         <property name="hostName" value="nisha - DESKTOP-0OUTVH0"/>
         <property name="os" value="Windows 11 64bit"/>
         <property name="katalonVersion" value="9.1.0.212"/>
         <property name="browser" value="Edge Chromium 120"/>
         <property name="hostAddress" value="192.168.3.138"/>
         <property name="sessionId" value="c81c5419ebac6ac1ef98924d7eac77ec"/>
         <property name="seleniumVersion" value="3.141.59"/>
         <property name="proxyInformation" value="ProxyInformation { proxyOption=NO_PROXY, proxyServerType=HTTP, username=, password=********, proxyServerAddress=, proxyServerPort=0, executionList=&quot;&quot;, isApplyToDesiredCapabilities=true }"/>
         <property name="platform" value="Windows 11"/>
      </properties>
      <testcase name="Test Cases/SearchProduct/SearchProductWithInvalidKeyword" time="24.604" classname="Test Cases/SearchProduct/SearchProductWithInvalidKeyword" status="PASSED">
         <system-out><![CDATA[19-12-2023T09:06:07 - [TEST_CASE][PASSED] - Test Cases/SearchProduct/SearchProductWithInvalidKeyword: Test Cases/SearchProduct/SearchProductWithInvalidKeyword

19-12-2023T09:06:07 - [TEST_STEP][PASSED] - Start listener action : sampleBeforeTestCase: Current window maximized

19-12-2023T09:06:07 - [TEST_STEP][PASSED] - openBrowser(""): Browser is opened with url: ''

19-12-2023T09:06:08 - [MESSAGE][INFO] - Starting 'Edge Chromium' driver

19-12-2023T09:06:09 - [MESSAGE][INFO] - Action delay is set to 0 milliseconds

19-12-2023T09:06:12 - [MESSAGE][PASSED] - Browser is opened with url: ''

19-12-2023T09:06:12 - [TEST_STEP][PASSED] - navigateToUrl(WebsiteURL): Navigate to 'https://www.takealot.com' successfully

19-12-2023T09:06:19 - [MESSAGE][PASSED] - Navigate to 'https://www.takealot.com' successfully

19-12-2023T09:06:19 - [TEST_STEP][PASSED] - maximizeWindow(): Current window maximized

19-12-2023T09:06:20 - [MESSAGE][PASSED] - Current window maximized

19-12-2023T09:06:20 - [TEST_STEP][PASSED] - click(findTestObject("Object Repository/SearchValidProduct/Page_Takealot.com Online Shopping  SAs lead_9e0650/a_Login")): Object: 'Object Repository/SearchValidProduct/Page_Takealot.com Online Shopping  SAs lead_9e0650/a_Login' is clicked on

19-12-2023T09:06:21 - [MESSAGE][PASSED] - Object: 'Object Repository/SearchValidProduct/Page_Takealot.com Online Shopping  SAs lead_9e0650/a_Login' is clicked on

19-12-2023T09:06:21 - [TEST_STEP][PASSED] - setText(findTestObject("Object Repository/SearchValidProduct/Page_Takealot.com Online Shopping  SAs lead_9e0650/input_email"), "nishapathak77@gmail.com"): Text 'nishapathak77@gmail.com' is set on object 'Object Repository/SearchValidProduct/Page_Takealot.com Online Shopping  SAs lead_9e0650/input_email'

19-12-2023T09:06:23 - [MESSAGE][PASSED] - Text 'nishapathak77@gmail.com' is set on object 'Object Repository/SearchValidProduct/Page_Takealot.com Online Shopping  SAs lead_9e0650/input_email'

19-12-2023T09:06:23 - [TEST_STEP][PASSED] - setEncryptedText(findTestObject("Object Repository/SearchValidProduct/Page_Takealot.com Online Shopping  SAs lead_9e0650/input_password"), "60coEWBzUaguqMoMXWkjBQ=="): Text ****** has been set on object 'Object Repository/SearchValidProduct/Page_Takealot.com Online Shopping  SAs lead_9e0650/input_password'

19-12-2023T09:06:24 - [MESSAGE][PASSED] - Text ****** has been set on object 'Object Repository/SearchValidProduct/Page_Takealot.com Online Shopping  SAs lead_9e0650/input_password'

19-12-2023T09:06:24 - [TEST_STEP][PASSED] - click(findTestObject("Object Repository/SearchValidProduct/Page_Takealot.com Online Shopping  SAs lead_9e0650/button_Login")): Object: 'Object Repository/SearchValidProduct/Page_Takealot.com Online Shopping  SAs lead_9e0650/button_Login' is clicked on

19-12-2023T09:06:25 - [MESSAGE][PASSED] - Object: 'Object Repository/SearchValidProduct/Page_Takealot.com Online Shopping  SAs lead_9e0650/button_Login' is clicked on

19-12-2023T09:06:25 - [TEST_STEP][PASSED] - setText(findTestObject("Object Repository/SearchValidProduct/Page_Takealot.com Online Shopping  SAs lead_9e0650/input_search"), "ftxtr7587fo8vx74s5d6trx"): Text 'ftxtr7587fo8vx74s5d6trx' is set on object 'Object Repository/SearchValidProduct/Page_Takealot.com Online Shopping  SAs lead_9e0650/input_search'

19-12-2023T09:06:27 - [MESSAGE][PASSED] - Text 'ftxtr7587fo8vx74s5d6trx' is set on object 'Object Repository/SearchValidProduct/Page_Takealot.com Online Shopping  SAs lead_9e0650/input_search'

19-12-2023T09:06:27 - [TEST_STEP][PASSED] - sendKeys(findTestObject("Object Repository/SearchValidProduct/Page_Takealot.com Online Shopping  SAs lead_9e0650/input_search"), Keys.chord(ENTER)): Keys 'ENTER + ' sent to object: 'Object Repository/SearchValidProduct/Page_Takealot.com Online Shopping  SAs lead_9e0650/input_search'

19-12-2023T09:06:31 - [MESSAGE][PASSED] - Keys 'ENTER + ' sent to object: 'Object Repository/SearchValidProduct/Page_Takealot.com Online Shopping  SAs lead_9e0650/input_search'

19-12-2023T09:06:31 - [TEST_STEP][PASSED] - verifyElementNotPresent(findTestObject("SearchValidProduct/Page_Search - TAKEALOT/div_5000 results"), 2): Web element with id: 'Object Repository/SearchValidProduct/Page_Search - TAKEALOT/div_5000 results' located by 'By.xpath: //div[@id='shopfront-app']/div[4]/div[2]/div[2]/div/div[2]/div[2]/div' is not present after '2' second(s)

19-12-2023T09:06:31 - [MESSAGE][PASSED] - Web element with id: 'Object Repository/SearchValidProduct/Page_Search - TAKEALOT/div_5000 results' located by 'By.xpath: //div[@id='shopfront-app']/div[4]/div[2]/div[2]/div/div[2]/div[2]/div' is not present after '2' second(s)

19-12-2023T09:06:31 - [TEST_STEP][PASSED] - Start listener action : sampleAfterTestCase: Browser is closed

19-12-2023T09:06:31 - [TEST_STEP][PASSED] - closeBrowser(): Browser is closed

19-12-2023T09:06:32 - [MESSAGE][PASSED] - Browser is closed]]></system-out>
         <system-err><![CDATA[]]></system-err>
      </testcase>
      <testcase name="Test Cases/SearchProduct/SearchProductWithValidKeyword" time="23.151" classname="Test Cases/SearchProduct/SearchProductWithValidKeyword" status="PASSED">
         <system-out><![CDATA[19-12-2023T09:06:32 - [TEST_CASE][PASSED] - Test Cases/SearchProduct/SearchProductWithValidKeyword: Test Cases/SearchProduct/SearchProductWithValidKeyword

19-12-2023T09:06:32 - [TEST_STEP][PASSED] - Start listener action : sampleBeforeTestCase: Current window maximized

19-12-2023T09:06:32 - [TEST_STEP][PASSED] - openBrowser(""): Browser is opened with url: ''

19-12-2023T09:06:32 - [MESSAGE][INFO] - Starting 'Edge Chromium' driver

19-12-2023T09:06:33 - [MESSAGE][INFO] - Action delay is set to 0 milliseconds

19-12-2023T09:06:34 - [MESSAGE][PASSED] - Browser is opened with url: ''

19-12-2023T09:06:34 - [TEST_STEP][PASSED] - navigateToUrl(WebsiteURL): Navigate to 'https://www.takealot.com' successfully

19-12-2023T09:06:40 - [MESSAGE][PASSED] - Navigate to 'https://www.takealot.com' successfully

19-12-2023T09:06:40 - [TEST_STEP][PASSED] - maximizeWindow(): Current window maximized

19-12-2023T09:06:41 - [MESSAGE][PASSED] - Current window maximized

19-12-2023T09:06:41 - [TEST_STEP][PASSED] - click(findTestObject("Object Repository/SearchValidProduct/Page_Takealot.com Online Shopping  SAs lead_9e0650/a_Login")): Object: 'Object Repository/SearchValidProduct/Page_Takealot.com Online Shopping  SAs lead_9e0650/a_Login' is clicked on

19-12-2023T09:06:42 - [MESSAGE][PASSED] - Object: 'Object Repository/SearchValidProduct/Page_Takealot.com Online Shopping  SAs lead_9e0650/a_Login' is clicked on

19-12-2023T09:06:42 - [TEST_STEP][PASSED] - setText(findTestObject("Object Repository/SearchValidProduct/Page_Takealot.com Online Shopping  SAs lead_9e0650/input_email"), "nishapathak77@gmail.com"): Text 'nishapathak77@gmail.com' is set on object 'Object Repository/SearchValidProduct/Page_Takealot.com Online Shopping  SAs lead_9e0650/input_email'

19-12-2023T09:06:44 - [MESSAGE][PASSED] - Text 'nishapathak77@gmail.com' is set on object 'Object Repository/SearchValidProduct/Page_Takealot.com Online Shopping  SAs lead_9e0650/input_email'

19-12-2023T09:06:44 - [TEST_STEP][PASSED] - setEncryptedText(findTestObject("Object Repository/SearchValidProduct/Page_Takealot.com Online Shopping  SAs lead_9e0650/input_password"), "60coEWBzUaguqMoMXWkjBQ=="): Text ****** has been set on object 'Object Repository/SearchValidProduct/Page_Takealot.com Online Shopping  SAs lead_9e0650/input_password'

19-12-2023T09:06:45 - [MESSAGE][PASSED] - Text ****** has been set on object 'Object Repository/SearchValidProduct/Page_Takealot.com Online Shopping  SAs lead_9e0650/input_password'

19-12-2023T09:06:45 - [TEST_STEP][PASSED] - click(findTestObject("Object Repository/SearchValidProduct/Page_Takealot.com Online Shopping  SAs lead_9e0650/button_Login")): Object: 'Object Repository/SearchValidProduct/Page_Takealot.com Online Shopping  SAs lead_9e0650/button_Login' is clicked on

19-12-2023T09:06:46 - [MESSAGE][PASSED] - Object: 'Object Repository/SearchValidProduct/Page_Takealot.com Online Shopping  SAs lead_9e0650/button_Login' is clicked on

19-12-2023T09:06:46 - [TEST_STEP][PASSED] - setText(findTestObject("Object Repository/SearchValidProduct/Page_Takealot.com Online Shopping  SAs lead_9e0650/input_search"), "iphone"): Text 'iphone' is set on object 'Object Repository/SearchValidProduct/Page_Takealot.com Online Shopping  SAs lead_9e0650/input_search'

19-12-2023T09:06:48 - [MESSAGE][PASSED] - Text 'iphone' is set on object 'Object Repository/SearchValidProduct/Page_Takealot.com Online Shopping  SAs lead_9e0650/input_search'

19-12-2023T09:06:48 - [TEST_STEP][PASSED] - sendKeys(findTestObject("Object Repository/SearchValidProduct/Page_Takealot.com Online Shopping  SAs lead_9e0650/input_search"), Keys.chord(ENTER)): Keys 'ENTER + ' sent to object: 'Object Repository/SearchValidProduct/Page_Takealot.com Online Shopping  SAs lead_9e0650/input_search'

19-12-2023T09:06:54 - [MESSAGE][PASSED] - Keys 'ENTER + ' sent to object: 'Object Repository/SearchValidProduct/Page_Takealot.com Online Shopping  SAs lead_9e0650/input_search'

19-12-2023T09:06:54 - [TEST_STEP][PASSED] - verifyElementPresent(findTestObject("SearchValidProduct/Page_Search - TAKEALOT/div_5000 results"), 2): Object 'Object Repository/SearchValidProduct/Page_Search - TAKEALOT/div_5000 results' is present

19-12-2023T09:06:55 - [MESSAGE][PASSED] - Object 'Object Repository/SearchValidProduct/Page_Search - TAKEALOT/div_5000 results' is present

19-12-2023T09:06:55 - [TEST_STEP][PASSED] - Start listener action : sampleAfterTestCase: Browser is closed

19-12-2023T09:06:55 - [TEST_STEP][PASSED] - closeBrowser(): Browser is closed

19-12-2023T09:06:55 - [MESSAGE][PASSED] - Browser is closed]]></system-out>
         <system-err><![CDATA[]]></system-err>
      </testcase>
      <system-out><![CDATA[19-12-2023T09:06:07 - [TEST_SUITE][PASSED] - SearchProductTestSuite: Test Cases/SearchProduct/SearchProductWithValidKeyword]]></system-out>
      <system-err><![CDATA[]]></system-err>
   </testsuite>
</testsuites>
