<?xml version="1.0" encoding="UTF-8"?>
<testsuites name="SearchProductCollectionSequentialExecution" time="77.446" tests="4" failures="0" errors="0">
   <testsuite name="SearchProductTestSuite" tests="2" failures="0" errors="0" time="31.555" skipped="0" timestamp="19-12-2023T09:09:39" hostname="nisha - DESKTOP-0OUTVH0" id="Test Suites/SearchProductTestSuite">
      <properties>
         <property name="deviceName" value=""/>
         <property name="devicePlatform" value=""/>
         <property name="logFolder" value="C:\\Users\\nisha\\git\\TakealotKatalonAutomation\\Reports\\20231219_090930\\SearchProductTestSuite\\20231219_090931"/>
         <property name="logFiles" value="C:\\Users\\nisha\\git\\TakealotKatalonAutomation\\Reports\\20231219_090930\\SearchProductTestSuite\\20231219_090931\\execution0.log"/>
         <property name="attachments" value=""/>
         <property name="hostName" value="nisha - DESKTOP-0OUTVH0"/>
         <property name="os" value="Windows 11 64bit"/>
         <property name="katalonVersion" value="9.1.0.212"/>
         <property name="browser" value="Chrome 120.0.0.0"/>
         <property name="hostAddress" value="192.168.3.138"/>
         <property name="sessionId" value="f1d77839a5909c77445384286df6d553"/>
         <property name="seleniumVersion" value="3.141.59"/>
         <property name="proxyInformation" value="ProxyInformation { proxyOption=NO_PROXY, proxyServerType=HTTP, username=, password=********, proxyServerAddress=, proxyServerPort=0, executionList=&quot;&quot;, isApplyToDesiredCapabilities=true }"/>
         <property name="platform" value="Windows 11"/>
      </properties>
      <testcase name="Test Cases/SearchProduct/SearchProductWithInvalidKeyword" time="16.132" classname="Test Cases/SearchProduct/SearchProductWithInvalidKeyword" status="PASSED">
         <system-out><![CDATA[19-12-2023T09:09:40 - [TEST_CASE][PASSED] - Test Cases/SearchProduct/SearchProductWithInvalidKeyword: Test Cases/SearchProduct/SearchProductWithInvalidKeyword

19-12-2023T09:09:40 - [TEST_STEP][PASSED] - Start listener action : sampleBeforeTestCase: Current window maximized

19-12-2023T09:09:40 - [TEST_STEP][PASSED] - openBrowser(""): Browser is opened with url: ''

19-12-2023T09:09:40 - [MESSAGE][INFO] - Starting 'Chrome' driver

19-12-2023T09:09:40 - [MESSAGE][INFO] - Action delay is set to 0 milliseconds

19-12-2023T09:09:42 - [MESSAGE][PASSED] - Browser is opened with url: ''

19-12-2023T09:09:42 - [TEST_STEP][PASSED] - navigateToUrl(WebsiteURL): Navigate to 'https://www.takealot.com' successfully

19-12-2023T09:09:46 - [MESSAGE][PASSED] - Navigate to 'https://www.takealot.com' successfully

19-12-2023T09:09:46 - [TEST_STEP][PASSED] - maximizeWindow(): Current window maximized

19-12-2023T09:09:46 - [MESSAGE][PASSED] - Current window maximized

19-12-2023T09:09:46 - [TEST_STEP][PASSED] - click(findTestObject("Object Repository/SearchValidProduct/Page_Takealot.com Online Shopping  SAs lead_9e0650/a_Login")): Object: 'Object Repository/SearchValidProduct/Page_Takealot.com Online Shopping  SAs lead_9e0650/a_Login' is clicked on

19-12-2023T09:09:47 - [MESSAGE][PASSED] - Object: 'Object Repository/SearchValidProduct/Page_Takealot.com Online Shopping  SAs lead_9e0650/a_Login' is clicked on

19-12-2023T09:09:47 - [TEST_STEP][PASSED] - setText(findTestObject("Object Repository/SearchValidProduct/Page_Takealot.com Online Shopping  SAs lead_9e0650/input_email"), "nishapathak77@gmail.com"): Text 'nishapathak77@gmail.com' is set on object 'Object Repository/SearchValidProduct/Page_Takealot.com Online Shopping  SAs lead_9e0650/input_email'

19-12-2023T09:09:49 - [MESSAGE][PASSED] - Text 'nishapathak77@gmail.com' is set on object 'Object Repository/SearchValidProduct/Page_Takealot.com Online Shopping  SAs lead_9e0650/input_email'

19-12-2023T09:09:49 - [TEST_STEP][PASSED] - setEncryptedText(findTestObject("Object Repository/SearchValidProduct/Page_Takealot.com Online Shopping  SAs lead_9e0650/input_password"), "60coEWBzUaguqMoMXWkjBQ=="): Text ****** has been set on object 'Object Repository/SearchValidProduct/Page_Takealot.com Online Shopping  SAs lead_9e0650/input_password'

19-12-2023T09:09:50 - [MESSAGE][PASSED] - Text ****** has been set on object 'Object Repository/SearchValidProduct/Page_Takealot.com Online Shopping  SAs lead_9e0650/input_password'

19-12-2023T09:09:50 - [TEST_STEP][PASSED] - click(findTestObject("Object Repository/SearchValidProduct/Page_Takealot.com Online Shopping  SAs lead_9e0650/button_Login")): Object: 'Object Repository/SearchValidProduct/Page_Takealot.com Online Shopping  SAs lead_9e0650/button_Login' is clicked on

19-12-2023T09:09:50 - [MESSAGE][PASSED] - Object: 'Object Repository/SearchValidProduct/Page_Takealot.com Online Shopping  SAs lead_9e0650/button_Login' is clicked on

19-12-2023T09:09:50 - [TEST_STEP][PASSED] - setText(findTestObject("Object Repository/SearchValidProduct/Page_Takealot.com Online Shopping  SAs lead_9e0650/input_search"), "ftxtr7587fo8vx74s5d6trx"): Text 'ftxtr7587fo8vx74s5d6trx' is set on object 'Object Repository/SearchValidProduct/Page_Takealot.com Online Shopping  SAs lead_9e0650/input_search'

19-12-2023T09:09:53 - [MESSAGE][PASSED] - Text 'ftxtr7587fo8vx74s5d6trx' is set on object 'Object Repository/SearchValidProduct/Page_Takealot.com Online Shopping  SAs lead_9e0650/input_search'

19-12-2023T09:09:53 - [TEST_STEP][PASSED] - sendKeys(findTestObject("Object Repository/SearchValidProduct/Page_Takealot.com Online Shopping  SAs lead_9e0650/input_search"), Keys.chord(ENTER)): Keys 'ENTER + ' sent to object: 'Object Repository/SearchValidProduct/Page_Takealot.com Online Shopping  SAs lead_9e0650/input_search'

19-12-2023T09:09:55 - [MESSAGE][PASSED] - Keys 'ENTER + ' sent to object: 'Object Repository/SearchValidProduct/Page_Takealot.com Online Shopping  SAs lead_9e0650/input_search'

19-12-2023T09:09:55 - [TEST_STEP][PASSED] - verifyElementNotPresent(findTestObject("SearchValidProduct/Page_Search - TAKEALOT/div_5000 results"), 2): Web element with id: 'Object Repository/SearchValidProduct/Page_Search - TAKEALOT/div_5000 results' located by 'By.xpath: //div[@id='shopfront-app']/div[4]/div[2]/div[2]/div/div[2]/div[2]/div' is not present after '2' second(s)

19-12-2023T09:09:56 - [MESSAGE][PASSED] - Web element with id: 'Object Repository/SearchValidProduct/Page_Search - TAKEALOT/div_5000 results' located by 'By.xpath: //div[@id='shopfront-app']/div[4]/div[2]/div[2]/div/div[2]/div[2]/div' is not present after '2' second(s)

19-12-2023T09:09:56 - [TEST_STEP][PASSED] - Start listener action : sampleAfterTestCase: Browser is closed

19-12-2023T09:09:56 - [TEST_STEP][PASSED] - closeBrowser(): Browser is closed

19-12-2023T09:09:56 - [MESSAGE][PASSED] - Browser is closed]]></system-out>
         <system-err><![CDATA[]]></system-err>
      </testcase>
      <testcase name="Test Cases/SearchProduct/SearchProductWithValidKeyword" time="15.157" classname="Test Cases/SearchProduct/SearchProductWithValidKeyword" status="PASSED">
         <system-out><![CDATA[19-12-2023T09:09:56 - [TEST_CASE][PASSED] - Test Cases/SearchProduct/SearchProductWithValidKeyword: Test Cases/SearchProduct/SearchProductWithValidKeyword

19-12-2023T09:09:56 - [TEST_STEP][PASSED] - Start listener action : sampleBeforeTestCase: Current window maximized

19-12-2023T09:09:56 - [TEST_STEP][PASSED] - openBrowser(""): Browser is opened with url: ''

19-12-2023T09:09:56 - [MESSAGE][INFO] - Starting 'Chrome' driver

19-12-2023T09:09:56 - [MESSAGE][INFO] - Action delay is set to 0 milliseconds

19-12-2023T09:09:57 - [MESSAGE][PASSED] - Browser is opened with url: ''

19-12-2023T09:09:57 - [TEST_STEP][PASSED] - navigateToUrl(WebsiteURL): Navigate to 'https://www.takealot.com' successfully

19-12-2023T09:10:01 - [MESSAGE][PASSED] - Navigate to 'https://www.takealot.com' successfully

19-12-2023T09:10:01 - [TEST_STEP][PASSED] - maximizeWindow(): Current window maximized

19-12-2023T09:10:01 - [MESSAGE][PASSED] - Current window maximized

19-12-2023T09:10:01 - [TEST_STEP][PASSED] - click(findTestObject("Object Repository/SearchValidProduct/Page_Takealot.com Online Shopping  SAs lead_9e0650/a_Login")): Object: 'Object Repository/SearchValidProduct/Page_Takealot.com Online Shopping  SAs lead_9e0650/a_Login' is clicked on

19-12-2023T09:10:02 - [MESSAGE][PASSED] - Object: 'Object Repository/SearchValidProduct/Page_Takealot.com Online Shopping  SAs lead_9e0650/a_Login' is clicked on

19-12-2023T09:10:02 - [TEST_STEP][PASSED] - setText(findTestObject("Object Repository/SearchValidProduct/Page_Takealot.com Online Shopping  SAs lead_9e0650/input_email"), "nishapathak77@gmail.com"): Text 'nishapathak77@gmail.com' is set on object 'Object Repository/SearchValidProduct/Page_Takealot.com Online Shopping  SAs lead_9e0650/input_email'

19-12-2023T09:10:04 - [MESSAGE][PASSED] - Text 'nishapathak77@gmail.com' is set on object 'Object Repository/SearchValidProduct/Page_Takealot.com Online Shopping  SAs lead_9e0650/input_email'

19-12-2023T09:10:04 - [TEST_STEP][PASSED] - setEncryptedText(findTestObject("Object Repository/SearchValidProduct/Page_Takealot.com Online Shopping  SAs lead_9e0650/input_password"), "60coEWBzUaguqMoMXWkjBQ=="): Text ****** has been set on object 'Object Repository/SearchValidProduct/Page_Takealot.com Online Shopping  SAs lead_9e0650/input_password'

19-12-2023T09:10:04 - [MESSAGE][PASSED] - Text ****** has been set on object 'Object Repository/SearchValidProduct/Page_Takealot.com Online Shopping  SAs lead_9e0650/input_password'

19-12-2023T09:10:04 - [TEST_STEP][PASSED] - click(findTestObject("Object Repository/SearchValidProduct/Page_Takealot.com Online Shopping  SAs lead_9e0650/button_Login")): Object: 'Object Repository/SearchValidProduct/Page_Takealot.com Online Shopping  SAs lead_9e0650/button_Login' is clicked on

19-12-2023T09:10:05 - [MESSAGE][PASSED] - Object: 'Object Repository/SearchValidProduct/Page_Takealot.com Online Shopping  SAs lead_9e0650/button_Login' is clicked on

19-12-2023T09:10:05 - [TEST_STEP][PASSED] - setText(findTestObject("Object Repository/SearchValidProduct/Page_Takealot.com Online Shopping  SAs lead_9e0650/input_search"), "iphone"): Text 'iphone' is set on object 'Object Repository/SearchValidProduct/Page_Takealot.com Online Shopping  SAs lead_9e0650/input_search'

19-12-2023T09:10:08 - [MESSAGE][PASSED] - Text 'iphone' is set on object 'Object Repository/SearchValidProduct/Page_Takealot.com Online Shopping  SAs lead_9e0650/input_search'

19-12-2023T09:10:08 - [TEST_STEP][PASSED] - sendKeys(findTestObject("Object Repository/SearchValidProduct/Page_Takealot.com Online Shopping  SAs lead_9e0650/input_search"), Keys.chord(ENTER)): Keys 'ENTER + ' sent to object: 'Object Repository/SearchValidProduct/Page_Takealot.com Online Shopping  SAs lead_9e0650/input_search'

19-12-2023T09:10:10 - [MESSAGE][PASSED] - Keys 'ENTER + ' sent to object: 'Object Repository/SearchValidProduct/Page_Takealot.com Online Shopping  SAs lead_9e0650/input_search'

19-12-2023T09:10:10 - [TEST_STEP][PASSED] - verifyElementPresent(findTestObject("SearchValidProduct/Page_Search - TAKEALOT/div_5000 results"), 2): Object 'Object Repository/SearchValidProduct/Page_Search - TAKEALOT/div_5000 results' is present

19-12-2023T09:10:11 - [MESSAGE][PASSED] - Object 'Object Repository/SearchValidProduct/Page_Search - TAKEALOT/div_5000 results' is present

19-12-2023T09:10:11 - [TEST_STEP][PASSED] - Start listener action : sampleAfterTestCase: Browser is closed

19-12-2023T09:10:11 - [TEST_STEP][PASSED] - closeBrowser(): Browser is closed

19-12-2023T09:10:11 - [MESSAGE][PASSED] - Browser is closed]]></system-out>
         <system-err><![CDATA[]]></system-err>
      </testcase>
      <system-out><![CDATA[19-12-2023T09:09:39 - [TEST_SUITE][PASSED] - SearchProductTestSuite: Test Cases/SearchProduct/SearchProductWithValidKeyword]]></system-out>
      <system-err><![CDATA[]]></system-err>
   </testsuite>
   <testsuite name="SearchProductTestSuite" tests="2" failures="0" errors="0" time="33.566" skipped="0" timestamp="19-12-2023T09:10:18" hostname="nisha - DESKTOP-0OUTVH0" id="Test Suites/SearchProductTestSuite">
      <properties>
         <property name="deviceName" value=""/>
         <property name="devicePlatform" value=""/>
         <property name="logFolder" value="C:\\Users\\nisha\\git\\TakealotKatalonAutomation\\Reports\\20231219_090930\\SearchProductTestSuite\\20231219_090933"/>
         <property name="logFiles" value="C:\\Users\\nisha\\git\\TakealotKatalonAutomation\\Reports\\20231219_090930\\SearchProductTestSuite\\20231219_090933\\execution0.log"/>
         <property name="attachments" value=""/>
         <property name="hostName" value="nisha - DESKTOP-0OUTVH0"/>
         <property name="os" value="Windows 11 64bit"/>
         <property name="katalonVersion" value="9.1.0.212"/>
         <property name="browser" value="Chrome 120.0.0.0"/>
         <property name="hostAddress" value="192.168.3.138"/>
         <property name="sessionId" value="b15bc055ffd28a6ea635f7106d8daad4"/>
         <property name="seleniumVersion" value="3.141.59"/>
         <property name="proxyInformation" value="ProxyInformation { proxyOption=NO_PROXY, proxyServerType=HTTP, username=, password=********, proxyServerAddress=, proxyServerPort=0, executionList=&quot;&quot;, isApplyToDesiredCapabilities=true }"/>
         <property name="platform" value="Windows 11"/>
      </properties>
      <testcase name="Test Cases/SearchProduct/SearchProductWithInvalidKeyword" time="16.866" classname="Test Cases/SearchProduct/SearchProductWithInvalidKeyword" status="PASSED">
         <system-out><![CDATA[19-12-2023T09:10:19 - [TEST_CASE][PASSED] - Test Cases/SearchProduct/SearchProductWithInvalidKeyword: Test Cases/SearchProduct/SearchProductWithInvalidKeyword

19-12-2023T09:10:19 - [TEST_STEP][PASSED] - Start listener action : sampleBeforeTestCase: Current window maximized

19-12-2023T09:10:19 - [TEST_STEP][PASSED] - openBrowser(""): Browser is opened with url: ''

19-12-2023T09:10:19 - [MESSAGE][INFO] - Starting 'Chrome' driver

19-12-2023T09:10:19 - [MESSAGE][INFO] - Action delay is set to 0 milliseconds

19-12-2023T09:10:21 - [MESSAGE][PASSED] - Browser is opened with url: ''

19-12-2023T09:10:21 - [TEST_STEP][PASSED] - navigateToUrl(WebsiteURL): Navigate to 'https://www.takealot.com' successfully

19-12-2023T09:10:26 - [MESSAGE][PASSED] - Navigate to 'https://www.takealot.com' successfully

19-12-2023T09:10:26 - [TEST_STEP][PASSED] - maximizeWindow(): Current window maximized

19-12-2023T09:10:26 - [MESSAGE][PASSED] - Current window maximized

19-12-2023T09:10:26 - [TEST_STEP][PASSED] - click(findTestObject("Object Repository/SearchValidProduct/Page_Takealot.com Online Shopping  SAs lead_9e0650/a_Login")): Object: 'Object Repository/SearchValidProduct/Page_Takealot.com Online Shopping  SAs lead_9e0650/a_Login' is clicked on

19-12-2023T09:10:27 - [MESSAGE][PASSED] - Object: 'Object Repository/SearchValidProduct/Page_Takealot.com Online Shopping  SAs lead_9e0650/a_Login' is clicked on

19-12-2023T09:10:27 - [TEST_STEP][PASSED] - setText(findTestObject("Object Repository/SearchValidProduct/Page_Takealot.com Online Shopping  SAs lead_9e0650/input_email"), "nishapathak77@gmail.com"): Text 'nishapathak77@gmail.com' is set on object 'Object Repository/SearchValidProduct/Page_Takealot.com Online Shopping  SAs lead_9e0650/input_email'

19-12-2023T09:10:29 - [MESSAGE][PASSED] - Text 'nishapathak77@gmail.com' is set on object 'Object Repository/SearchValidProduct/Page_Takealot.com Online Shopping  SAs lead_9e0650/input_email'

19-12-2023T09:10:29 - [TEST_STEP][PASSED] - setEncryptedText(findTestObject("Object Repository/SearchValidProduct/Page_Takealot.com Online Shopping  SAs lead_9e0650/input_password"), "60coEWBzUaguqMoMXWkjBQ=="): Text ****** has been set on object 'Object Repository/SearchValidProduct/Page_Takealot.com Online Shopping  SAs lead_9e0650/input_password'

19-12-2023T09:10:29 - [MESSAGE][PASSED] - Text ****** has been set on object 'Object Repository/SearchValidProduct/Page_Takealot.com Online Shopping  SAs lead_9e0650/input_password'

19-12-2023T09:10:29 - [TEST_STEP][PASSED] - click(findTestObject("Object Repository/SearchValidProduct/Page_Takealot.com Online Shopping  SAs lead_9e0650/button_Login")): Object: 'Object Repository/SearchValidProduct/Page_Takealot.com Online Shopping  SAs lead_9e0650/button_Login' is clicked on

19-12-2023T09:10:30 - [MESSAGE][PASSED] - Object: 'Object Repository/SearchValidProduct/Page_Takealot.com Online Shopping  SAs lead_9e0650/button_Login' is clicked on

19-12-2023T09:10:30 - [TEST_STEP][PASSED] - setText(findTestObject("Object Repository/SearchValidProduct/Page_Takealot.com Online Shopping  SAs lead_9e0650/input_search"), "ftxtr7587fo8vx74s5d6trx"): Text 'ftxtr7587fo8vx74s5d6trx' is set on object 'Object Repository/SearchValidProduct/Page_Takealot.com Online Shopping  SAs lead_9e0650/input_search'

19-12-2023T09:10:33 - [MESSAGE][PASSED] - Text 'ftxtr7587fo8vx74s5d6trx' is set on object 'Object Repository/SearchValidProduct/Page_Takealot.com Online Shopping  SAs lead_9e0650/input_search'

19-12-2023T09:10:33 - [TEST_STEP][PASSED] - sendKeys(findTestObject("Object Repository/SearchValidProduct/Page_Takealot.com Online Shopping  SAs lead_9e0650/input_search"), Keys.chord(ENTER)): Keys 'ENTER + ' sent to object: 'Object Repository/SearchValidProduct/Page_Takealot.com Online Shopping  SAs lead_9e0650/input_search'

19-12-2023T09:10:35 - [MESSAGE][PASSED] - Keys 'ENTER + ' sent to object: 'Object Repository/SearchValidProduct/Page_Takealot.com Online Shopping  SAs lead_9e0650/input_search'

19-12-2023T09:10:35 - [TEST_STEP][PASSED] - verifyElementNotPresent(findTestObject("SearchValidProduct/Page_Search - TAKEALOT/div_5000 results"), 2): Web element with id: 'Object Repository/SearchValidProduct/Page_Search - TAKEALOT/div_5000 results' located by 'By.xpath: //div[@id='shopfront-app']/div[4]/div[2]/div[2]/div/div[2]/div[2]/div' is not present after '2' second(s)

19-12-2023T09:10:35 - [MESSAGE][PASSED] - Web element with id: 'Object Repository/SearchValidProduct/Page_Search - TAKEALOT/div_5000 results' located by 'By.xpath: //div[@id='shopfront-app']/div[4]/div[2]/div[2]/div/div[2]/div[2]/div' is not present after '2' second(s)

19-12-2023T09:10:35 - [TEST_STEP][PASSED] - Start listener action : sampleAfterTestCase: Browser is closed

19-12-2023T09:10:35 - [TEST_STEP][PASSED] - closeBrowser(): Browser is closed

19-12-2023T09:10:35 - [MESSAGE][PASSED] - Browser is closed]]></system-out>
         <system-err><![CDATA[]]></system-err>
      </testcase>
      <testcase name="Test Cases/SearchProduct/SearchProductWithValidKeyword" time="16.382" classname="Test Cases/SearchProduct/SearchProductWithValidKeyword" status="PASSED">
         <system-out><![CDATA[19-12-2023T09:10:35 - [TEST_CASE][PASSED] - Test Cases/SearchProduct/SearchProductWithValidKeyword: Test Cases/SearchProduct/SearchProductWithValidKeyword

19-12-2023T09:10:35 - [TEST_STEP][PASSED] - Start listener action : sampleBeforeTestCase: Current window maximized

19-12-2023T09:10:35 - [TEST_STEP][PASSED] - openBrowser(""): Browser is opened with url: ''

19-12-2023T09:10:35 - [MESSAGE][INFO] - Starting 'Chrome' driver

19-12-2023T09:10:35 - [MESSAGE][INFO] - Action delay is set to 0 milliseconds

19-12-2023T09:10:36 - [MESSAGE][PASSED] - Browser is opened with url: ''

19-12-2023T09:10:36 - [TEST_STEP][PASSED] - navigateToUrl(WebsiteURL): Navigate to 'https://www.takealot.com' successfully

19-12-2023T09:10:40 - [MESSAGE][PASSED] - Navigate to 'https://www.takealot.com' successfully

19-12-2023T09:10:40 - [TEST_STEP][PASSED] - maximizeWindow(): Current window maximized

19-12-2023T09:10:40 - [MESSAGE][PASSED] - Current window maximized

19-12-2023T09:10:40 - [TEST_STEP][PASSED] - click(findTestObject("Object Repository/SearchValidProduct/Page_Takealot.com Online Shopping  SAs lead_9e0650/a_Login")): Object: 'Object Repository/SearchValidProduct/Page_Takealot.com Online Shopping  SAs lead_9e0650/a_Login' is clicked on

19-12-2023T09:10:42 - [MESSAGE][PASSED] - Object: 'Object Repository/SearchValidProduct/Page_Takealot.com Online Shopping  SAs lead_9e0650/a_Login' is clicked on

19-12-2023T09:10:42 - [TEST_STEP][PASSED] - setText(findTestObject("Object Repository/SearchValidProduct/Page_Takealot.com Online Shopping  SAs lead_9e0650/input_email"), "nishapathak77@gmail.com"): Text 'nishapathak77@gmail.com' is set on object 'Object Repository/SearchValidProduct/Page_Takealot.com Online Shopping  SAs lead_9e0650/input_email'

19-12-2023T09:10:43 - [MESSAGE][PASSED] - Text 'nishapathak77@gmail.com' is set on object 'Object Repository/SearchValidProduct/Page_Takealot.com Online Shopping  SAs lead_9e0650/input_email'

19-12-2023T09:10:43 - [TEST_STEP][PASSED] - setEncryptedText(findTestObject("Object Repository/SearchValidProduct/Page_Takealot.com Online Shopping  SAs lead_9e0650/input_password"), "60coEWBzUaguqMoMXWkjBQ=="): Text ****** has been set on object 'Object Repository/SearchValidProduct/Page_Takealot.com Online Shopping  SAs lead_9e0650/input_password'

19-12-2023T09:10:44 - [MESSAGE][PASSED] - Text ****** has been set on object 'Object Repository/SearchValidProduct/Page_Takealot.com Online Shopping  SAs lead_9e0650/input_password'

19-12-2023T09:10:44 - [TEST_STEP][PASSED] - click(findTestObject("Object Repository/SearchValidProduct/Page_Takealot.com Online Shopping  SAs lead_9e0650/button_Login")): Object: 'Object Repository/SearchValidProduct/Page_Takealot.com Online Shopping  SAs lead_9e0650/button_Login' is clicked on

19-12-2023T09:10:44 - [MESSAGE][PASSED] - Object: 'Object Repository/SearchValidProduct/Page_Takealot.com Online Shopping  SAs lead_9e0650/button_Login' is clicked on

19-12-2023T09:10:44 - [TEST_STEP][PASSED] - setText(findTestObject("Object Repository/SearchValidProduct/Page_Takealot.com Online Shopping  SAs lead_9e0650/input_search"), "iphone"): Text 'iphone' is set on object 'Object Repository/SearchValidProduct/Page_Takealot.com Online Shopping  SAs lead_9e0650/input_search'

19-12-2023T09:10:47 - [MESSAGE][PASSED] - Text 'iphone' is set on object 'Object Repository/SearchValidProduct/Page_Takealot.com Online Shopping  SAs lead_9e0650/input_search'

19-12-2023T09:10:47 - [TEST_STEP][PASSED] - sendKeys(findTestObject("Object Repository/SearchValidProduct/Page_Takealot.com Online Shopping  SAs lead_9e0650/input_search"), Keys.chord(ENTER)): Keys 'ENTER + ' sent to object: 'Object Repository/SearchValidProduct/Page_Takealot.com Online Shopping  SAs lead_9e0650/input_search'

19-12-2023T09:10:51 - [MESSAGE][PASSED] - Keys 'ENTER + ' sent to object: 'Object Repository/SearchValidProduct/Page_Takealot.com Online Shopping  SAs lead_9e0650/input_search'

19-12-2023T09:10:51 - [TEST_STEP][PASSED] - verifyElementPresent(findTestObject("SearchValidProduct/Page_Search - TAKEALOT/div_5000 results"), 2): Object 'Object Repository/SearchValidProduct/Page_Search - TAKEALOT/div_5000 results' is present

19-12-2023T09:10:52 - [MESSAGE][PASSED] - Object 'Object Repository/SearchValidProduct/Page_Search - TAKEALOT/div_5000 results' is present

19-12-2023T09:10:52 - [TEST_STEP][PASSED] - Start listener action : sampleAfterTestCase: Browser is closed

19-12-2023T09:10:52 - [TEST_STEP][PASSED] - closeBrowser(): Browser is closed

19-12-2023T09:10:52 - [MESSAGE][PASSED] - Browser is closed]]></system-out>
         <system-err><![CDATA[]]></system-err>
      </testcase>
      <system-out><![CDATA[19-12-2023T09:10:18 - [TEST_SUITE][PASSED] - SearchProductTestSuite: Test Cases/SearchProduct/SearchProductWithValidKeyword]]></system-out>
      <system-err><![CDATA[]]></system-err>
   </testsuite>
</testsuites>
