<?xml version="1.0" encoding="UTF-8"?>
<testsuites name="DataDrivenSearchSuite" time="57.586" tests="3" failures="0" errors="0">
   <testsuite name="DataDrivenSearchSuite" tests="3" failures="0" errors="0" time="57.586" skipped="0" timestamp="18-12-2023T22:25:48" hostname="nisha - DESKTOP-0OUTVH0" id="Test Suites/DataDrivenSearchSuite">
      <properties>
         <property name="deviceName" value=""/>
         <property name="devicePlatform" value=""/>
         <property name="logFolder" value="C:\\Users\\nisha\\git\\TakealotKatalonAutomation\\Reports\\20231218_222543\\DataDrivenSearchSuite\\20231218_222543"/>
         <property name="logFiles" value="C:\\Users\\nisha\\git\\TakealotKatalonAutomation\\Reports\\20231218_222543\\DataDrivenSearchSuite\\20231218_222543\\execution0.log"/>
         <property name="attachments" value=""/>
         <property name="hostName" value="nisha - DESKTOP-0OUTVH0"/>
         <property name="os" value="Windows 11 64bit"/>
         <property name="katalonVersion" value="9.1.0.212"/>
         <property name="browser" value="Chrome 120.0.0.0"/>
         <property name="hostAddress" value="192.168.3.138"/>
         <property name="sessionId" value="e6bee7bbbed5d0c4d5bc2ee08587d280"/>
         <property name="seleniumVersion" value="3.141.59"/>
         <property name="proxyInformation" value="ProxyInformation { proxyOption=NO_PROXY, proxyServerType=HTTP, username=, password=********, proxyServerAddress=, proxyServerPort=0, executionList=&quot;&quot;, isApplyToDesiredCapabilities=true }"/>
         <property name="platform" value="Windows 11"/>
      </properties>
      <testcase name="Test Cases/SearchProductWithCsvDataFile" time="21.145" classname="Test Cases/SearchProductWithCsvDataFile" status="PASSED">
         <system-out><![CDATA[18-12-2023T22:25:48 - [TEST_CASE][PASSED] - Test Cases/SearchProductWithCsvDataFile: Test Cases/SearchProductWithCsvDataFile

18-12-2023T22:25:48 - [TEST_STEP][PASSED] - Start listener action : sampleBeforeTestCase: Current window maximized

18-12-2023T22:25:48 - [TEST_STEP][PASSED] - openBrowser(""): Browser is opened with url: ''

18-12-2023T22:25:49 - [MESSAGE][INFO] - Starting 'Chrome' driver

18-12-2023T22:25:49 - [MESSAGE][INFO] - Action delay is set to 0 milliseconds

18-12-2023T22:25:50 - [MESSAGE][PASSED] - Browser is opened with url: ''

18-12-2023T22:25:50 - [TEST_STEP][PASSED] - navigateToUrl(WebsiteURL): Navigate to 'https://www.takealot.com' successfully

18-12-2023T22:25:55 - [MESSAGE][PASSED] - Navigate to 'https://www.takealot.com' successfully

18-12-2023T22:25:55 - [TEST_STEP][PASSED] - maximizeWindow(): Current window maximized

18-12-2023T22:25:56 - [MESSAGE][PASSED] - Current window maximized

18-12-2023T22:25:56 - [TEST_STEP][PASSED] - click(findTestObject("Object Repository/SearchValidProduct/Page_Takealot.com Online Shopping  SAs lead_9e0650/a_Login")): Object: 'Object Repository/SearchValidProduct/Page_Takealot.com Online Shopping  SAs lead_9e0650/a_Login' is clicked on

18-12-2023T22:25:57 - [MESSAGE][PASSED] - Object: 'Object Repository/SearchValidProduct/Page_Takealot.com Online Shopping  SAs lead_9e0650/a_Login' is clicked on

18-12-2023T22:25:57 - [TEST_STEP][PASSED] - setText(findTestObject("Object Repository/SearchValidProduct/Page_Takealot.com Online Shopping  SAs lead_9e0650/input_email"), "nishapathak77@gmail.com"): Text 'nishapathak77@gmail.com' is set on object 'Object Repository/SearchValidProduct/Page_Takealot.com Online Shopping  SAs lead_9e0650/input_email'

18-12-2023T22:26:00 - [MESSAGE][PASSED] - Text 'nishapathak77@gmail.com' is set on object 'Object Repository/SearchValidProduct/Page_Takealot.com Online Shopping  SAs lead_9e0650/input_email'

18-12-2023T22:26:00 - [TEST_STEP][PASSED] - setEncryptedText(findTestObject("Object Repository/SearchValidProduct/Page_Takealot.com Online Shopping  SAs lead_9e0650/input_password"), "60coEWBzUaguqMoMXWkjBQ=="): Text ****** has been set on object 'Object Repository/SearchValidProduct/Page_Takealot.com Online Shopping  SAs lead_9e0650/input_password'

18-12-2023T22:26:01 - [MESSAGE][PASSED] - Text ****** has been set on object 'Object Repository/SearchValidProduct/Page_Takealot.com Online Shopping  SAs lead_9e0650/input_password'

18-12-2023T22:26:01 - [TEST_STEP][PASSED] - click(findTestObject("Object Repository/SearchValidProduct/Page_Takealot.com Online Shopping  SAs lead_9e0650/button_Login")): Object: 'Object Repository/SearchValidProduct/Page_Takealot.com Online Shopping  SAs lead_9e0650/button_Login' is clicked on

18-12-2023T22:26:02 - [MESSAGE][PASSED] - Object: 'Object Repository/SearchValidProduct/Page_Takealot.com Online Shopping  SAs lead_9e0650/button_Login' is clicked on

18-12-2023T22:26:02 - [TEST_STEP][PASSED] - setText(findTestObject("Object Repository/SearchValidProduct/Page_Takealot.com Online Shopping  SAs lead_9e0650/input_search"), SearchKeyword): Text 'iphone' is set on object 'Object Repository/SearchValidProduct/Page_Takealot.com Online Shopping  SAs lead_9e0650/input_search'

18-12-2023T22:26:05 - [MESSAGE][PASSED] - Text 'iphone' is set on object 'Object Repository/SearchValidProduct/Page_Takealot.com Online Shopping  SAs lead_9e0650/input_search'

18-12-2023T22:26:05 - [TEST_STEP][PASSED] - sendKeys(findTestObject("Object Repository/SearchValidProduct/Page_Takealot.com Online Shopping  SAs lead_9e0650/input_search"), Keys.chord(ENTER)): Keys 'ENTER + ' sent to object: 'Object Repository/SearchValidProduct/Page_Takealot.com Online Shopping  SAs lead_9e0650/input_search'

18-12-2023T22:26:09 - [MESSAGE][PASSED] - Keys 'ENTER + ' sent to object: 'Object Repository/SearchValidProduct/Page_Takealot.com Online Shopping  SAs lead_9e0650/input_search'

18-12-2023T22:26:09 - [TEST_STEP][PASSED] - Start listener action : sampleAfterTestCase: Browser is closed

18-12-2023T22:26:09 - [TEST_STEP][PASSED] - closeBrowser(): Browser is closed

18-12-2023T22:26:09 - [MESSAGE][PASSED] - Browser is closed]]></system-out>
         <system-err><![CDATA[]]></system-err>
      </testcase>
      <testcase name="Test Cases/SearchProductWithCsvDataFile" time="18.014" classname="Test Cases/SearchProductWithCsvDataFile" status="PASSED">
         <system-out><![CDATA[18-12-2023T22:26:09 - [TEST_CASE][PASSED] - Test Cases/SearchProductWithCsvDataFile: Test Cases/SearchProductWithCsvDataFile

18-12-2023T22:26:09 - [TEST_STEP][PASSED] - Start listener action : sampleBeforeTestCase: Current window maximized

18-12-2023T22:26:09 - [TEST_STEP][PASSED] - openBrowser(""): Browser is opened with url: ''

18-12-2023T22:26:09 - [MESSAGE][INFO] - Starting 'Chrome' driver

18-12-2023T22:26:09 - [MESSAGE][INFO] - Action delay is set to 0 milliseconds

18-12-2023T22:26:10 - [MESSAGE][PASSED] - Browser is opened with url: ''

18-12-2023T22:26:10 - [TEST_STEP][PASSED] - navigateToUrl(WebsiteURL): Navigate to 'https://www.takealot.com' successfully

18-12-2023T22:26:15 - [MESSAGE][PASSED] - Navigate to 'https://www.takealot.com' successfully

18-12-2023T22:26:15 - [TEST_STEP][PASSED] - maximizeWindow(): Current window maximized

18-12-2023T22:26:15 - [MESSAGE][PASSED] - Current window maximized

18-12-2023T22:26:15 - [TEST_STEP][PASSED] - click(findTestObject("Object Repository/SearchValidProduct/Page_Takealot.com Online Shopping  SAs lead_9e0650/a_Login")): Object: 'Object Repository/SearchValidProduct/Page_Takealot.com Online Shopping  SAs lead_9e0650/a_Login' is clicked on

18-12-2023T22:26:16 - [MESSAGE][PASSED] - Object: 'Object Repository/SearchValidProduct/Page_Takealot.com Online Shopping  SAs lead_9e0650/a_Login' is clicked on

18-12-2023T22:26:16 - [TEST_STEP][PASSED] - setText(findTestObject("Object Repository/SearchValidProduct/Page_Takealot.com Online Shopping  SAs lead_9e0650/input_email"), "nishapathak77@gmail.com"): Text 'nishapathak77@gmail.com' is set on object 'Object Repository/SearchValidProduct/Page_Takealot.com Online Shopping  SAs lead_9e0650/input_email'

18-12-2023T22:26:19 - [MESSAGE][PASSED] - Text 'nishapathak77@gmail.com' is set on object 'Object Repository/SearchValidProduct/Page_Takealot.com Online Shopping  SAs lead_9e0650/input_email'

18-12-2023T22:26:19 - [TEST_STEP][PASSED] - setEncryptedText(findTestObject("Object Repository/SearchValidProduct/Page_Takealot.com Online Shopping  SAs lead_9e0650/input_password"), "60coEWBzUaguqMoMXWkjBQ=="): Text ****** has been set on object 'Object Repository/SearchValidProduct/Page_Takealot.com Online Shopping  SAs lead_9e0650/input_password'

18-12-2023T22:26:20 - [MESSAGE][PASSED] - Text ****** has been set on object 'Object Repository/SearchValidProduct/Page_Takealot.com Online Shopping  SAs lead_9e0650/input_password'

18-12-2023T22:26:20 - [TEST_STEP][PASSED] - click(findTestObject("Object Repository/SearchValidProduct/Page_Takealot.com Online Shopping  SAs lead_9e0650/button_Login")): Object: 'Object Repository/SearchValidProduct/Page_Takealot.com Online Shopping  SAs lead_9e0650/button_Login' is clicked on

18-12-2023T22:26:21 - [MESSAGE][PASSED] - Object: 'Object Repository/SearchValidProduct/Page_Takealot.com Online Shopping  SAs lead_9e0650/button_Login' is clicked on

18-12-2023T22:26:21 - [TEST_STEP][PASSED] - setText(findTestObject("Object Repository/SearchValidProduct/Page_Takealot.com Online Shopping  SAs lead_9e0650/input_search"), SearchKeyword): Text 'cat' is set on object 'Object Repository/SearchValidProduct/Page_Takealot.com Online Shopping  SAs lead_9e0650/input_search'

18-12-2023T22:26:24 - [MESSAGE][PASSED] - Text 'cat' is set on object 'Object Repository/SearchValidProduct/Page_Takealot.com Online Shopping  SAs lead_9e0650/input_search'

18-12-2023T22:26:24 - [TEST_STEP][PASSED] - sendKeys(findTestObject("Object Repository/SearchValidProduct/Page_Takealot.com Online Shopping  SAs lead_9e0650/input_search"), Keys.chord(ENTER)): Keys 'ENTER + ' sent to object: 'Object Repository/SearchValidProduct/Page_Takealot.com Online Shopping  SAs lead_9e0650/input_search'

18-12-2023T22:26:27 - [MESSAGE][PASSED] - Keys 'ENTER + ' sent to object: 'Object Repository/SearchValidProduct/Page_Takealot.com Online Shopping  SAs lead_9e0650/input_search'

18-12-2023T22:26:27 - [TEST_STEP][PASSED] - Start listener action : sampleAfterTestCase: Browser is closed

18-12-2023T22:26:27 - [TEST_STEP][PASSED] - closeBrowser(): Browser is closed

18-12-2023T22:26:27 - [MESSAGE][PASSED] - Browser is closed]]></system-out>
         <system-err><![CDATA[]]></system-err>
      </testcase>
      <testcase name="Test Cases/SearchProductWithCsvDataFile" time="17.997" classname="Test Cases/SearchProductWithCsvDataFile" status="PASSED">
         <system-out><![CDATA[18-12-2023T22:26:27 - [TEST_CASE][PASSED] - Test Cases/SearchProductWithCsvDataFile: Test Cases/SearchProductWithCsvDataFile

18-12-2023T22:26:27 - [TEST_STEP][PASSED] - Start listener action : sampleBeforeTestCase: Current window maximized

18-12-2023T22:26:27 - [TEST_STEP][PASSED] - openBrowser(""): Browser is opened with url: ''

18-12-2023T22:26:27 - [MESSAGE][INFO] - Starting 'Chrome' driver

18-12-2023T22:26:27 - [MESSAGE][INFO] - Action delay is set to 0 milliseconds

18-12-2023T22:26:28 - [MESSAGE][PASSED] - Browser is opened with url: ''

18-12-2023T22:26:28 - [TEST_STEP][PASSED] - navigateToUrl(WebsiteURL): Navigate to 'https://www.takealot.com' successfully

18-12-2023T22:26:33 - [MESSAGE][PASSED] - Navigate to 'https://www.takealot.com' successfully

18-12-2023T22:26:33 - [TEST_STEP][PASSED] - maximizeWindow(): Current window maximized

18-12-2023T22:26:33 - [MESSAGE][PASSED] - Current window maximized

18-12-2023T22:26:33 - [TEST_STEP][PASSED] - click(findTestObject("Object Repository/SearchValidProduct/Page_Takealot.com Online Shopping  SAs lead_9e0650/a_Login")): Object: 'Object Repository/SearchValidProduct/Page_Takealot.com Online Shopping  SAs lead_9e0650/a_Login' is clicked on

18-12-2023T22:26:35 - [MESSAGE][PASSED] - Object: 'Object Repository/SearchValidProduct/Page_Takealot.com Online Shopping  SAs lead_9e0650/a_Login' is clicked on

18-12-2023T22:26:35 - [TEST_STEP][PASSED] - setText(findTestObject("Object Repository/SearchValidProduct/Page_Takealot.com Online Shopping  SAs lead_9e0650/input_email"), "nishapathak77@gmail.com"): Text 'nishapathak77@gmail.com' is set on object 'Object Repository/SearchValidProduct/Page_Takealot.com Online Shopping  SAs lead_9e0650/input_email'

18-12-2023T22:26:37 - [MESSAGE][PASSED] - Text 'nishapathak77@gmail.com' is set on object 'Object Repository/SearchValidProduct/Page_Takealot.com Online Shopping  SAs lead_9e0650/input_email'

18-12-2023T22:26:37 - [TEST_STEP][PASSED] - setEncryptedText(findTestObject("Object Repository/SearchValidProduct/Page_Takealot.com Online Shopping  SAs lead_9e0650/input_password"), "60coEWBzUaguqMoMXWkjBQ=="): Text ****** has been set on object 'Object Repository/SearchValidProduct/Page_Takealot.com Online Shopping  SAs lead_9e0650/input_password'

18-12-2023T22:26:38 - [MESSAGE][PASSED] - Text ****** has been set on object 'Object Repository/SearchValidProduct/Page_Takealot.com Online Shopping  SAs lead_9e0650/input_password'

18-12-2023T22:26:38 - [TEST_STEP][PASSED] - click(findTestObject("Object Repository/SearchValidProduct/Page_Takealot.com Online Shopping  SAs lead_9e0650/button_Login")): Object: 'Object Repository/SearchValidProduct/Page_Takealot.com Online Shopping  SAs lead_9e0650/button_Login' is clicked on

18-12-2023T22:26:39 - [MESSAGE][PASSED] - Object: 'Object Repository/SearchValidProduct/Page_Takealot.com Online Shopping  SAs lead_9e0650/button_Login' is clicked on

18-12-2023T22:26:39 - [TEST_STEP][PASSED] - setText(findTestObject("Object Repository/SearchValidProduct/Page_Takealot.com Online Shopping  SAs lead_9e0650/input_search"), SearchKeyword): Text 'samsung phones' is set on object 'Object Repository/SearchValidProduct/Page_Takealot.com Online Shopping  SAs lead_9e0650/input_search'

18-12-2023T22:26:42 - [MESSAGE][PASSED] - Text 'samsung phones' is set on object 'Object Repository/SearchValidProduct/Page_Takealot.com Online Shopping  SAs lead_9e0650/input_search'

18-12-2023T22:26:42 - [TEST_STEP][PASSED] - sendKeys(findTestObject("Object Repository/SearchValidProduct/Page_Takealot.com Online Shopping  SAs lead_9e0650/input_search"), Keys.chord(ENTER)): Keys 'ENTER + ' sent to object: 'Object Repository/SearchValidProduct/Page_Takealot.com Online Shopping  SAs lead_9e0650/input_search'

18-12-2023T22:26:45 - [MESSAGE][PASSED] - Keys 'ENTER + ' sent to object: 'Object Repository/SearchValidProduct/Page_Takealot.com Online Shopping  SAs lead_9e0650/input_search'

18-12-2023T22:26:45 - [TEST_STEP][PASSED] - Start listener action : sampleAfterTestCase: Browser is closed

18-12-2023T22:26:45 - [TEST_STEP][PASSED] - closeBrowser(): Browser is closed

18-12-2023T22:26:45 - [MESSAGE][PASSED] - Browser is closed]]></system-out>
         <system-err><![CDATA[]]></system-err>
      </testcase>
      <system-out><![CDATA[18-12-2023T22:25:48 - [TEST_SUITE][PASSED] - DataDrivenSearchSuite: Test Cases/SearchProductWithCsvDataFile]]></system-out>
      <system-err><![CDATA[]]></system-err>
   </testsuite>
</testsuites>
